[2013-01-23 16:24:51] myapp.DEBUG: Registering securityserviceprovider [] []
[2013-01-23 16:24:51] myapp.DEBUG: configuring securityserviceprovider [] []
[2013-01-23 16:24:51] myapp.INFO: > GET /smeppl/admin/teste [] []
[2013-01-23 16:24:51] myapp.INFO: < 200 [] []
[2013-01-23 16:24:52] myapp.DEBUG: Registering securityserviceprovider [] []
[2013-01-23 16:24:52] myapp.DEBUG: configuring securityserviceprovider [] []
[2013-01-23 16:24:52] myapp.INFO: > GET /smeppl/admin/teste [] []
[2013-01-23 16:24:52] myapp.INFO: < 200 [] []
[2013-01-23 16:33:46] myapp.INFO: > GET /smeppl/admin [] []
[2013-01-23 16:33:46] myapp.INFO: < 301 [] []
[2013-01-23 16:33:46] myapp.INFO: > GET /smeppl/admin/ [] []
[2013-01-23 16:33:46] myapp.INFO: < 200 [] []
[2013-01-23 16:33:48] myapp.INFO: > GET /smeppl/admin/ [] []
[2013-01-23 16:33:48] myapp.INFO: < 200 [] []
[2013-01-23 16:33:54] myapp.INFO: > GET /smeppl/admin [] []
[2013-01-23 16:33:54] myapp.INFO: < 301 [] []
[2013-01-23 16:33:54] myapp.INFO: > GET /smeppl/admin/ [] []
[2013-01-23 16:33:54] myapp.INFO: < 200 [] []
[2013-01-23 16:33:59] myapp.INFO: > GET /smeppl/admin/teste [] []
[2013-01-23 16:33:59] myapp.INFO: < 200 [] []
[2013-01-23 16:34:04] myapp.INFO: > GET /smeppl/ [] []
[2013-01-23 16:34:04] myapp.INFO: < 200 [] []
[2013-01-23 16:34:17] myapp.INFO: > GET /smeppl/ [] []
[2013-01-23 16:34:17] myapp.INFO: < 200 [] []
[2013-01-23 16:34:21] myapp.INFO: > GET /smeppl/admin [] []
[2013-01-23 16:34:21] myapp.INFO: < 301 [] []
[2013-01-23 16:34:21] myapp.INFO: > GET /smeppl/admin/ [] []
[2013-01-23 16:34:21] myapp.INFO: < 200 [] []
[2013-01-23 16:34:23] myapp.INFO: > GET /smeppl/admin/ [] []
[2013-01-23 16:34:23] myapp.INFO: < 200 [] []
[2013-01-23 16:34:38] myapp.INFO: > GET /smeppl/admin/ [] []
[2013-01-23 16:34:38] myapp.INFO: < 200 [] []
[2013-01-23 16:35:20] myapp.INFO: > GET /smeppl/admin/ [] []
[2013-01-23 16:35:20] myapp.INFO: < 200 [] []
[2013-01-23 16:39:54] myapp.INFO: > GET /smeppl/admin/ [] []
[2013-01-23 16:39:54] myapp.CRITICAL: InvalidArgumentException: You must at least add one authentication provider. (uncaught exception) at /export/repository/smeppl/vendor/symfony/security/Symfony/Component/Security/Core/Authentication/AuthenticationProviderManager.php line 46 [] []
[2013-01-23 16:39:54] myapp.INFO: < 500 [] []
[2013-01-23 16:42:22] myapp.INFO: > GET /smeppl/admin/ [] []
[2013-01-23 16:42:22] myapp.INFO: < 200 [] []
[2013-01-23 16:42:51] myapp.INFO: > GET /smeppl/admin/ [] []
[2013-01-23 16:42:51] myapp.INFO: < 200 [] []
[2013-01-23 16:42:52] myapp.INFO: > GET /smeppl/admin/ [] []
[2013-01-23 16:42:52] myapp.INFO: < 200 [] []
[2013-01-23 16:43:04] myapp.INFO: > GET /smeppl/admin/ [] []
[2013-01-23 16:43:04] myapp.INFO: < 200 [] []
[2013-01-23 16:43:05] myapp.INFO: > GET /smeppl/admin/ [] []
[2013-01-23 16:43:05] myapp.INFO: < 200 [] []
[2013-01-23 16:43:08] myapp.INFO: > GET /smeppl/admin [] []
[2013-01-23 16:43:08] myapp.INFO: < 301 [] []
[2013-01-23 16:43:09] myapp.INFO: > GET /smeppl/ [] []
[2013-01-23 16:43:09] myapp.INFO: < 200 [] []
[2013-01-23 16:43:13] myapp.ERROR: Symfony\Component\HttpKernel\Exception\NotFoundHttpException: No route found for "GET /abou" (uncaught exception) at /export/repository/smeppl/vendor/symfony/http-kernel/Symfony/Component/HttpKernel/EventListener/RouterListener.php line 92 [] []
[2013-01-23 16:43:13] myapp.INFO: < 404 [] []
[2013-01-23 16:43:15] myapp.INFO: > GET /smeppl/about [] []
[2013-01-23 16:43:15] myapp.INFO: < 200 [] []
[2013-01-23 16:43:16] myapp.INFO: > GET /smeppl/about [] []
[2013-01-23 16:43:16] myapp.INFO: < 200 [] []
[2013-01-23 16:44:54] myapp.INFO: > GET /smeppl/about [] []
[2013-01-23 16:44:54] myapp.INFO: < 200 [] []
[2013-01-23 16:44:54] myapp.INFO: > GET /smeppl/about [] []
[2013-01-23 16:44:54] myapp.INFO: < 200 [] []
[2013-01-23 16:44:58] myapp.INFO: > GET /smeppl/admin [] []
[2013-01-23 16:44:58] myapp.INFO: < 301 [] []
[2013-01-23 16:44:58] myapp.INFO: > GET /smeppl/admin/ [] []
[2013-01-23 16:44:58] myapp.INFO: < 200 [] []
[2013-01-23 16:48:08] myapp.INFO: > GET /smeppl/admin/ [] []
[2013-01-23 16:48:08] myapp.INFO: < 200 [] []
[2013-01-23 16:48:10] myapp.INFO: > GET /smeppl/admin/ [] []
[2013-01-23 16:48:10] myapp.INFO: < 200 [] []
[2013-01-23 16:48:11] myapp.INFO: > GET /smeppl/admin/ [] []
[2013-01-23 16:48:11] myapp.INFO: < 200 [] []
[2013-01-23 16:48:14] myapp.INFO: > GET /smeppl/ [] []
[2013-01-23 16:48:14] myapp.INFO: < 200 [] []
[2013-01-23 16:48:16] myapp.INFO: > GET /smeppl/ [] []
[2013-01-23 16:48:16] myapp.INFO: < 200 [] []
[2013-01-23 16:48:46] myapp.INFO: > GET /smeppl/ [] []
[2013-01-23 16:48:46] myapp.INFO: < 200 [] []
[2013-01-23 16:48:47] myapp.INFO: > GET /smeppl/ [] []
[2013-01-23 16:48:47] myapp.INFO: < 200 [] []
[2013-01-23 16:48:48] myapp.INFO: > GET /smeppl/ [] []
[2013-01-23 16:48:48] myapp.INFO: < 200 [] []
[2013-01-23 16:48:50] myapp.INFO: > GET /smeppl/admin [] []
[2013-01-23 16:48:50] myapp.INFO: < 301 [] []
[2013-01-23 16:48:50] myapp.INFO: > GET /smeppl/admin/ [] []
[2013-01-23 16:48:50] myapp.INFO: < 200 [] []
[2013-01-23 16:48:51] myapp.INFO: > GET /smeppl/admin/ [] []
[2013-01-23 16:48:51] myapp.INFO: < 200 [] []
[2013-01-23 16:49:02] myapp.INFO: > GET /smeppl/admin/ [] []
[2013-01-23 16:49:02] myapp.INFO: < 200 [] []
[2013-01-23 16:49:02] myapp.INFO: > GET /smeppl/admin/ [] []
[2013-01-23 16:49:02] myapp.INFO: < 200 [] []
[2013-01-23 16:49:41] myapp.INFO: > GET /smeppl/admin/ [] []
[2013-01-23 16:49:41] myapp.INFO: < 200 [] []
[2013-01-23 16:49:41] myapp.INFO: > GET /smeppl/admin/ [] []
[2013-01-23 16:49:41] myapp.INFO: < 200 [] []
[2013-01-23 16:49:58] myapp.ERROR: Symfony\Component\HttpKernel\Exception\NotFoundHttpException: No route found for "GET /admin/" (uncaught exception) at /export/repository/smeppl/vendor/symfony/http-kernel/Symfony/Component/HttpKernel/EventListener/RouterListener.php line 92 [] []
[2013-01-23 16:49:58] myapp.INFO: < 404 [] []
[2013-01-23 16:50:49] myapp.ERROR: Symfony\Component\HttpKernel\Exception\NotFoundHttpException: No route found for "GET /admin/" (uncaught exception) at /export/repository/smeppl/vendor/symfony/http-kernel/Symfony/Component/HttpKernel/EventListener/RouterListener.php line 92 [] []
[2013-01-23 16:50:49] myapp.INFO: < 404 [] []
[2013-01-23 16:51:00] myapp.INFO: > GET /smeppl/admin/ [] []
[2013-01-23 16:51:00] myapp.INFO: < 200 [] []
[2013-01-23 16:51:00] myapp.INFO: > GET /smeppl/admin/ [] []
[2013-01-23 16:51:00] myapp.INFO: < 200 [] []
[2013-01-23 16:51:15] myapp.INFO: > GET /smeppl/admin/ [] []
[2013-01-23 16:51:15] myapp.INFO: < 200 [] []
[2013-01-23 16:51:15] myapp.INFO: > GET /smeppl/admin/ [] []
[2013-01-23 16:51:15] myapp.INFO: < 200 [] []
[2013-01-23 16:51:16] myapp.INFO: > GET /smeppl/admin/ [] []
[2013-01-23 16:51:16] myapp.INFO: < 200 [] []
[2013-01-23 16:51:30] myapp.INFO: > GET /smeppl/admin/ [] []
[2013-01-23 16:51:30] myapp.INFO: < 200 [] []
[2013-01-23 16:51:43] myapp.INFO: > GET /smeppl/admin/ [] []
[2013-01-23 16:51:43] myapp.INFO: < 200 [] []
[2013-01-23 16:51:43] myapp.INFO: > GET /smeppl/admin/ [] []
[2013-01-23 16:51:43] myapp.INFO: < 200 [] []
[2013-01-23 16:52:41] myapp.INFO: > GET /smeppl/admin/ [] []
[2013-01-23 16:52:41] myapp.INFO: < 200 [] []
[2013-01-23 16:52:41] myapp.INFO: > GET /smeppl/admin/ [] []
[2013-01-23 16:52:41] myapp.INFO: < 200 [] []
[2013-01-23 16:55:29] myapp.INFO: > GET /smeppl/admin/ [] []
[2013-01-23 16:55:29] myapp.INFO: < 200 [] []
[2013-01-23 16:55:30] myapp.INFO: > GET /smeppl/admin/ [] []
[2013-01-23 16:55:30] myapp.INFO: < 200 [] []
[2013-01-23 16:55:31] myapp.INFO: > GET /smeppl/admin/ [] []
[2013-01-23 16:55:31] myapp.INFO: < 200 [] []
[2013-01-23 16:55:33] myapp.INFO: > GET /smeppl/ [] []
[2013-01-23 16:55:33] myapp.INFO: < 200 [] []
[2013-01-23 16:55:35] myapp.INFO: > GET /smeppl/ [] []
[2013-01-23 16:55:35] myapp.INFO: < 200 [] []
[2013-01-23 16:55:37] myapp.INFO: > GET /smeppl/admin [] []
[2013-01-23 16:55:37] myapp.INFO: < 301 [] []
[2013-01-23 16:55:37] myapp.INFO: > GET /smeppl/admin/ [] []
[2013-01-23 16:55:37] myapp.INFO: < 200 [] []
[2013-01-23 16:55:37] myapp.INFO: > GET /smeppl/about [] []
[2013-01-23 16:55:37] myapp.INFO: < 200 [] []
[2013-01-23 16:57:42] myapp.INFO: > GET /smeppl/ [] []
[2013-01-23 16:57:42] myapp.INFO: < 200 [] []
[2013-01-23 16:57:44] myapp.INFO: > GET /smeppl/login [] []
[2013-01-23 16:57:44] myapp.INFO: < 200 [] []
[2013-01-23 16:57:52] myapp.INFO: < 302 [] []
[2013-01-23 16:57:52] myapp.INFO: > GET /smeppl/ [] []
[2013-01-23 16:57:52] myapp.INFO: < 200 [] []
[2013-01-23 17:02:00] myapp.INFO: > GET /smeppl/ [] []
[2013-01-23 17:02:00] myapp.INFO: < 200 [] []
[2013-01-23 17:02:16] myapp.INFO: > GET /smeppl/ [] []
[2013-01-23 17:02:16] myapp.INFO: < 200 [] []
[2013-01-23 17:02:17] myapp.INFO: > GET /smeppl/ [] []
[2013-01-23 17:02:17] myapp.INFO: < 200 [] []
[2013-01-23 17:02:17] myapp.INFO: > GET /smeppl/ [] []
[2013-01-23 17:02:17] myapp.INFO: < 200 [] []
[2013-01-23 17:02:18] myapp.INFO: > GET /smeppl/ [] []
[2013-01-23 17:02:18] myapp.INFO: < 200 [] []
[2013-01-23 17:02:18] myapp.INFO: > GET /smeppl/ [] []
[2013-01-23 17:02:18] myapp.INFO: < 200 [] []
[2013-01-23 17:02:20] myapp.INFO: > GET /smeppl/admin [] []
[2013-01-23 17:02:20] myapp.INFO: < 301 [] []
[2013-01-23 17:02:20] myapp.INFO: > GET /smeppl/admin/ [] []
[2013-01-23 17:02:20] myapp.INFO: < 200 [] []
[2013-01-23 17:02:21] myapp.INFO: > GET /smeppl/admin/ [] []
[2013-01-23 17:02:21] myapp.INFO: < 200 [] []
[2013-01-23 17:02:21] myapp.INFO: > GET /smeppl/admin/ [] []
[2013-01-23 17:02:21] myapp.INFO: < 200 [] []
[2013-01-23 17:02:37] myapp.INFO: > GET /smeppl/admin/ [] []
[2013-01-23 17:02:37] myapp.INFO: < 200 [] []
[2013-01-23 22:42:32] myapp.INFO: > GET /smeppl/ [] []
[2013-01-23 22:42:32] myapp.INFO: < 200 [] []
[2013-01-23 22:42:34] myapp.CRITICAL: Symfony\Component\Security\Core\Exception\AuthenticationCredentialsNotFoundException: A Token was not found in the SecurityContext. (uncaught exception) at /export/repository/smeppl/vendor/symfony/security/Symfony/Component/Security/Http/Firewall/AccessListener.php line 53 [] []
[2013-01-23 22:42:34] myapp.INFO: < 401 [] []
[2013-01-23 22:43:44] myapp.INFO: > GET /smeppl/admin [] []
[2013-01-23 22:43:44] myapp.INFO: < 301 [] []
[2013-01-23 22:43:44] myapp.INFO: > GET /smeppl/admin/ [] []
[2013-01-23 22:43:44] myapp.INFO: < 200 [] []
[2013-01-23 22:43:46] myapp.INFO: > GET /smeppl/admin/ [] []
[2013-01-23 22:43:46] myapp.INFO: < 200 [] []
[2013-01-23 22:43:46] myapp.INFO: > GET /smeppl/admin/ [] []
[2013-01-23 22:43:46] myapp.INFO: < 200 [] []
[2013-01-23 22:43:46] myapp.INFO: > GET /smeppl/admin/ [] []
[2013-01-23 22:43:46] myapp.INFO: < 200 [] []
[2013-01-23 22:45:20] myapp.INFO: > GET /smeppl/admin/ [] []
[2013-01-23 22:45:20] myapp.INFO: < 200 [] []
[2013-01-23 22:45:21] myapp.INFO: > GET /smeppl/admin/ [] []
[2013-01-23 22:45:21] myapp.INFO: < 200 [] []
[2013-01-24 11:39:18] myapp.INFO: > GET /smeppl/admin/ [] []
[2013-01-24 11:39:18] myapp.INFO: < 200 [] []
[2013-01-24 11:49:22] myapp.CRITICAL: Symfony\Component\Security\Core\Exception\AuthenticationCredentialsNotFoundException: A Token was not found in the SecurityContext. (uncaught exception) at /export/repository/smeppl/vendor/symfony/security/Symfony/Component/Security/Http/Firewall/AccessListener.php line 53 [] []
[2013-01-24 11:49:22] myapp.INFO: < 302 [] []
[2013-01-24 11:49:22] myapp.INFO: > GET /smeppl/login [] []
[2013-01-24 11:49:22] myapp.CRITICAL: ReflectionException: Class Request does not exist (uncaught exception) at /export/repository/smeppl/vendor/silex/silex/src/Silex/ControllerResolver.php line 43 [] []
[2013-01-24 11:49:22] myapp.INFO: < 500 [] []
[2013-01-24 11:50:16] myapp.INFO: > GET /smeppl/login [] []
[2013-01-24 11:50:16] myapp.CRITICAL: InvalidArgumentException: Identifier "session" is not defined. (uncaught exception) at /export/repository/smeppl/vendor/pimple/pimple/lib/Pimple.php line 78 [] []
[2013-01-24 11:50:16] myapp.INFO: < 500 [] []
[2013-01-24 11:50:52] myapp.INFO: > GET /smeppl/login [] []
[2013-01-24 11:50:52] myapp.CRITICAL: Twig_Error_Syntax: The function "path" does not exist in "main.twig" at line 58 (uncaught exception) at /export/repository/smeppl/vendor/twig/twig/lib/Twig/ExpressionParser.php line 556 [] []
[2013-01-24 11:50:52] myapp.INFO: < 500 [] []
[2013-01-24 11:52:23] myapp.INFO: > GET /smeppl/login [] []
[2013-01-24 11:52:23] myapp.CRITICAL: Twig_Error_Runtime: An exception has been thrown during the rendering of a template ("The security context contains no authentication token. One possible reason may be that there is no firewall configured for this URL.") in "login.twig" at line 11. (uncaught exception) at /export/repository/smeppl/vendor/twig/twig/lib/Twig/Template.php line 280 [] []
[2013-01-24 11:52:23] myapp.INFO: < 500 [] []
[2013-01-24 11:54:17] myapp.INFO: > GET /smeppl/login [] []
[2013-01-24 11:54:17] myapp.INFO: < 200 [] []
[2013-01-24 11:54:22] myapp.INFO: > GET /smeppl/admin [] []
[2013-01-24 11:54:22] myapp.INFO: < 301 [] []
[2013-01-24 11:54:23] myapp.INFO: > GET /smeppl/admin/ [] []
[2013-01-24 11:54:23] myapp.INFO: < 200 [] []
[2013-01-24 11:54:25] myapp.INFO: > GET /smeppl/admin/ [] []
[2013-01-24 11:54:25] myapp.INFO: < 200 [] []
[2013-01-24 11:59:20] myapp.INFO: > GET /smeppl/ [] []
[2013-01-24 11:59:20] myapp.CRITICAL: Twig_Error_Runtime: An exception has been thrown during the rendering of a template ("The security context contains no authentication token. One possible reason may be that there is no firewall configured for this URL.") in "index.twig" at line 4. (uncaught exception) at /export/repository/smeppl/vendor/twig/twig/lib/Twig/Template.php line 280 [] []
[2013-01-24 11:59:20] myapp.INFO: < 500 [] []
[2013-01-24 11:59:34] myapp.ERROR: Symfony\Component\HttpKernel\Exception\NotFoundHttpException: No route found for "GET /admin" (uncaught exception) at /export/repository/smeppl/vendor/symfony/http-kernel/Symfony/Component/HttpKernel/EventListener/RouterListener.php line 92 [] []
[2013-01-24 11:59:34] myapp.INFO: < 404 [] []
[2013-01-24 11:59:40] myapp.CRITICAL: Symfony\Component\Security\Core\Exception\AuthenticationCredentialsNotFoundException: A Token was not found in the SecurityContext. (uncaught exception) at /export/repository/smeppl/vendor/symfony/security/Symfony/Component/Security/Http/Firewall/AccessListener.php line 53 [] []
[2013-01-24 11:59:40] myapp.INFO: < 302 [] []
[2013-01-24 11:59:40] myapp.ERROR: Symfony\Component\HttpKernel\Exception\NotFoundHttpException: No route found for "GET /panel/login" (uncaught exception) at /export/repository/smeppl/vendor/symfony/http-kernel/Symfony/Component/HttpKernel/EventListener/RouterListener.php line 92 [] []
[2013-01-24 11:59:40] myapp.INFO: < 404 [] []
[2013-01-24 12:00:09] myapp.ERROR: Symfony\Component\HttpKernel\Exception\NotFoundHttpException: No route found for "GET /panel/login" (uncaught exception) at /export/repository/smeppl/vendor/symfony/http-kernel/Symfony/Component/HttpKernel/EventListener/RouterListener.php line 92 [] []
[2013-01-24 12:00:09] myapp.INFO: < 404 [] []
[2013-01-24 12:00:11] myapp.ERROR: Symfony\Component\HttpKernel\Exception\NotFoundHttpException: No route found for "GET /panel/login" (uncaught exception) at /export/repository/smeppl/vendor/symfony/http-kernel/Symfony/Component/HttpKernel/EventListener/RouterListener.php line 92 [] []
[2013-01-24 12:00:11] myapp.INFO: < 404 [] []
[2013-01-24 12:00:25] myapp.INFO: > GET /smeppl/panel/login [] []
[2013-01-24 12:00:25] myapp.CRITICAL: ReflectionException: Class Request does not exist (uncaught exception) at /export/repository/smeppl/vendor/silex/silex/src/Silex/ControllerResolver.php line 43 [] []
[2013-01-24 12:00:25] myapp.INFO: < 500 [] []
[2013-01-24 12:00:42] myapp.INFO: > GET /smeppl/panel/login [] []
[2013-01-24 12:00:42] myapp.INFO: < 200 [] []
[2013-01-24 12:00:48] myapp.CRITICAL: Symfony\Component\Security\Core\Exception\AuthenticationCredentialsNotFoundException: A Token was not found in the SecurityContext. (uncaught exception) at /export/repository/smeppl/vendor/symfony/security/Symfony/Component/Security/Http/Firewall/AccessListener.php line 53 [] []
[2013-01-24 12:00:48] myapp.INFO: < 302 [] []
[2013-01-24 12:00:48] myapp.INFO: > GET /smeppl/panel/login [] []
[2013-01-24 12:00:48] myapp.INFO: < 200 [] []
[2013-01-24 12:04:00] myapp.INFO: > GET /smeppl/ [] []
[2013-01-24 12:04:00] myapp.INFO: < 200 [] []
[2013-01-24 12:04:03] myapp.ERROR: Symfony\Component\HttpKernel\Exception\NotFoundHttpException: No route found for "GET /admin" (uncaught exception) at /export/repository/smeppl/vendor/symfony/http-kernel/Symfony/Component/HttpKernel/EventListener/RouterListener.php line 92 [] []
[2013-01-24 12:04:03] myapp.INFO: < 404 [] []
[2013-01-24 12:04:07] myapp.INFO: > GET /smeppl/panel [] []
[2013-01-24 12:04:07] myapp.INFO: < 301 [] []
[2013-01-24 12:04:07] myapp.INFO: > GET /smeppl/panel/ [] []
[2013-01-24 12:04:07] myapp.INFO: < 200 [] []
[2013-01-24 12:04:30] myapp.CRITICAL: Symfony\Component\Security\Core\Exception\AuthenticationCredentialsNotFoundException: A Token was not found in the SecurityContext. (uncaught exception) at /export/repository/smeppl/vendor/symfony/security/Symfony/Component/Security/Http/Firewall/AccessListener.php line 53 [] []
[2013-01-24 12:04:30] myapp.INFO: < 302 [] []
[2013-01-24 12:04:30] myapp.INFO: > GET /smeppl/panel/login [] []
[2013-01-24 12:04:30] myapp.INFO: < 200 [] []
[2013-01-24 12:04:33] myapp.INFO: > GET /smeppl/ [] []
[2013-01-24 12:04:33] myapp.INFO: < 200 [] []
[2013-01-24 12:04:35] myapp.INFO: > GET /smeppl/ [] []
[2013-01-24 12:04:35] myapp.INFO: < 200 [] []
[2013-01-24 12:04:47] myapp.ERROR: Symfony\Component\HttpKernel\Exception\NotFoundHttpException: No route found for "GET /admin" (uncaught exception) at /export/repository/smeppl/vendor/symfony/http-kernel/Symfony/Component/HttpKernel/EventListener/RouterListener.php line 92 [] []
[2013-01-24 12:04:47] myapp.INFO: < 404 [] []
[2013-01-24 12:04:47] myapp.INFO: > GET /smeppl/about [] []
[2013-01-24 12:04:47] myapp.CRITICAL: Twig_Error_Runtime: An exception has been thrown during the rendering of a template ("The security context contains no authentication token. One possible reason may be that there is no firewall configured for this URL.") in "about.twig" at line 4. (uncaught exception) at /export/repository/smeppl/vendor/twig/twig/lib/Twig/Template.php line 280 [] []
[2013-01-24 12:04:47] myapp.INFO: < 500 [] []
[2013-01-24 12:06:20] myapp.INFO: > GET /smeppl/ [] []
[2013-01-24 12:06:20] myapp.INFO: < 200 [] []
[2013-01-24 12:06:21] myapp.ERROR: Symfony\Component\HttpKernel\Exception\NotFoundHttpException: No route found for "GET /admin" (uncaught exception) at /export/repository/smeppl/vendor/symfony/http-kernel/Symfony/Component/HttpKernel/EventListener/RouterListener.php line 92 [] []
[2013-01-24 12:06:21] myapp.INFO: < 404 [] []
[2013-01-24 12:06:23] myapp.CRITICAL: Symfony\Component\Security\Core\Exception\AuthenticationCredentialsNotFoundException: A Token was not found in the SecurityContext. (uncaught exception) at /export/repository/smeppl/vendor/symfony/security/Symfony/Component/Security/Http/Firewall/AccessListener.php line 53 [] []
[2013-01-24 12:06:23] myapp.INFO: < 302 [] []
[2013-01-24 12:06:23] myapp.INFO: > GET /smeppl/panel/login [] []
[2013-01-24 12:06:23] myapp.INFO: < 200 [] []
[2013-01-24 12:06:28] myapp.INFO: > GET /smeppl/pages/about [] []
[2013-01-24 12:06:28] myapp.CRITICAL: Twig_Error_Runtime: An exception has been thrown during the rendering of a template ("The security context contains no authentication token. One possible reason may be that there is no firewall configured for this URL.") in "about.twig" at line 4. (uncaught exception) at /export/repository/smeppl/vendor/twig/twig/lib/Twig/Template.php line 280 [] []
[2013-01-24 12:06:28] myapp.INFO: < 500 [] []
[2013-01-24 12:06:33] myapp.INFO: > GET /smeppl/pages/about [] []
[2013-01-24 12:06:33] myapp.CRITICAL: Twig_Error_Runtime: An exception has been thrown during the rendering of a template ("The security context contains no authentication token. One possible reason may be that there is no firewall configured for this URL.") in "about.twig" at line 4. (uncaught exception) at /export/repository/smeppl/vendor/twig/twig/lib/Twig/Template.php line 280 [] []
[2013-01-24 12:06:33] myapp.INFO: < 500 [] []
[2013-01-24 12:06:50] myapp.INFO: > GET /smeppl/pages/about [] []
[2013-01-24 12:06:50] myapp.CRITICAL: Twig_Error_Runtime: An exception has been thrown during the rendering of a template ("The security context contains no authentication token. One possible reason may be that there is no firewall configured for this URL.") in "about.twig" at line 4. (uncaught exception) at /export/repository/smeppl/vendor/twig/twig/lib/Twig/Template.php line 280 [] []
[2013-01-24 12:06:50] myapp.INFO: < 500 [] []
[2013-01-24 12:07:17] myapp.INFO: > GET /smeppl/pages/about [] []
[2013-01-24 12:07:17] myapp.INFO: < 200 [] []
[2013-01-24 12:07:35] myapp.CRITICAL: Symfony\Component\Security\Core\Exception\AuthenticationCredentialsNotFoundException: A Token was not found in the SecurityContext. (uncaught exception) at /export/repository/smeppl/vendor/symfony/security/Symfony/Component/Security/Http/Firewall/AccessListener.php line 53 [] []
[2013-01-24 12:07:35] myapp.INFO: < 302 [] []
[2013-01-24 12:07:35] myapp.INFO: > GET /smeppl/panel/login [] []
[2013-01-24 12:07:35] myapp.INFO: < 200 [] []
[2013-01-24 12:11:29] myapp.INFO: > GET /smeppl/panel/login [] []
[2013-01-24 12:11:29] myapp.INFO: < 200 [] []
[2013-01-24 12:11:30] myapp.INFO: > GET /smeppl/panel/login [] []
[2013-01-24 12:11:30] myapp.INFO: < 200 [] []
[2013-01-24 12:11:35] myapp.INFO: > GET /smeppl/static/about [] []
[2013-01-24 12:11:35] myapp.CRITICAL: RuntimeException: Controller "Closure" requires that you provide a value for the "$id" argument (because there is no default value or because there is a non optional argument after this one). (uncaught exception) at /export/repository/smeppl/vendor/symfony/http-kernel/Symfony/Component/HttpKernel/Controller/ControllerResolver.php line 132 [] []
[2013-01-24 12:11:35] myapp.INFO: < 500 [] []
[2013-01-24 12:11:51] myapp.INFO: > GET /smeppl/static/about [] []
[2013-01-24 12:11:51] myapp.INFO: < 200 [] []
[2013-01-24 12:12:03] myapp.INFO: > GET /smeppl/static/teste [] []
[2013-01-24 12:12:03] myapp.INFO: < 200 [] []
[2013-01-24 12:14:00] myapp.CRITICAL: Symfony\Component\Security\Core\Exception\AuthenticationCredentialsNotFoundException: A Token was not found in the SecurityContext. (uncaught exception) at /export/repository/smeppl/vendor/symfony/security/Symfony/Component/Security/Http/Firewall/AccessListener.php line 53 [] []
[2013-01-24 12:14:00] myapp.INFO: < 302 [] []
[2013-01-24 12:14:00] myapp.INFO: > GET /smeppl/panel/login [] []
[2013-01-24 12:14:00] myapp.INFO: < 200 [] []
[2013-01-24 12:14:05] myapp.ERROR: Symfony\Component\HttpKernel\Exception\NotFoundHttpException: No route found for "POST /admin/login_check" (uncaught exception) at /export/repository/smeppl/vendor/symfony/http-kernel/Symfony/Component/HttpKernel/EventListener/RouterListener.php line 92 [] []
[2013-01-24 12:14:05] myapp.INFO: < 404 [] []
[2013-01-24 12:14:37] myapp.CRITICAL: Symfony\Component\Security\Core\Exception\AuthenticationCredentialsNotFoundException: A Token was not found in the SecurityContext. (uncaught exception) at /export/repository/smeppl/vendor/symfony/security/Symfony/Component/Security/Http/Firewall/AccessListener.php line 53 [] []
[2013-01-24 12:14:37] myapp.INFO: < 302 [] []
[2013-01-24 12:14:37] myapp.CRITICAL: Symfony\Component\Security\Core\Exception\AuthenticationCredentialsNotFoundException: A Token was not found in the SecurityContext. (uncaught exception) at /export/repository/smeppl/vendor/symfony/security/Symfony/Component/Security/Http/Firewall/AccessListener.php line 53 [] []
[2013-01-24 12:14:37] myapp.INFO: < 302 [] []
[2013-01-24 12:14:37] myapp.INFO: > GET /smeppl/panel/login [] []
[2013-01-24 12:14:37] myapp.INFO: < 200 [] []
[2013-01-24 12:14:41] myapp.INFO: < 302 [] []
[2013-01-24 12:14:41] myapp.INFO: > GET /smeppl/panel [] []
[2013-01-24 12:14:41] myapp.INFO: < 301 [] []
[2013-01-24 12:14:41] myapp.INFO: > GET /smeppl/panel/ [] []
[2013-01-24 12:14:41] myapp.CRITICAL: Twig_Error_Loader: Template "about.twig" is not defined (). (uncaught exception) at /export/repository/smeppl/vendor/twig/twig/lib/Twig/Loader/Chain.php line 113 [] []
[2013-01-24 12:14:41] myapp.INFO: < 500 [] []
[2013-01-24 12:15:16] myapp.INFO: > GET /smeppl/panel/ [] []
[2013-01-24 12:15:16] myapp.CRITICAL: Twig_Error_Runtime: Variable "logout" does not exist in "main.twig" at line 58 (uncaught exception) at /export/repository/smeppl/vendor/twig/twig/lib/Twig/Template.php line 318 [] []
[2013-01-24 12:15:16] myapp.INFO: < 500 [] []
[2013-01-24 12:15:54] myapp.INFO: > GET /smeppl/panel/ [] []
[2013-01-24 12:15:54] myapp.INFO: < 200 [] []
[2013-01-24 12:16:01] myapp.INFO: < 302 [] []
[2013-01-24 12:16:01] myapp.INFO: > GET /smeppl/ [] []
[2013-01-24 12:16:01] myapp.INFO: < 200 [] []
[2013-01-24 12:16:26] myapp.CRITICAL: Symfony\Component\Security\Core\Exception\AuthenticationCredentialsNotFoundException: A Token was not found in the SecurityContext. (uncaught exception) at /export/repository/smeppl/vendor/symfony/security/Symfony/Component/Security/Http/Firewall/AccessListener.php line 53 [] []
[2013-01-24 12:16:26] myapp.INFO: < 302 [] []
[2013-01-24 12:16:26] myapp.INFO: > GET /smeppl/panel/login [] []
[2013-01-24 12:16:26] myapp.INFO: < 200 [] []
[2013-01-24 12:16:31] myapp.INFO: < 302 [] []
[2013-01-24 12:16:31] myapp.INFO: > GET /smeppl/panel/login [] []
[2013-01-24 12:16:31] myapp.INFO: < 200 [] []
[2013-01-24 12:16:39] myapp.INFO: < 302 [] []
[2013-01-24 12:16:39] myapp.INFO: > GET /smeppl/panel/login [] []
[2013-01-24 12:16:39] myapp.INFO: < 200 [] []
[2013-01-24 12:17:12] myapp.INFO: < 302 [] []
[2013-01-24 12:17:12] myapp.INFO: > GET /smeppl/panel [] []
[2013-01-24 12:17:12] myapp.INFO: < 301 [] []
[2013-01-24 12:17:12] myapp.INFO: > GET /smeppl/panel/ [] []
[2013-01-24 12:17:12] myapp.INFO: < 200 [] []
[2013-01-24 12:17:25] myapp.INFO: < 302 [] []
[2013-01-24 12:17:25] myapp.INFO: > GET /smeppl/ [] []
[2013-01-24 12:17:25] myapp.INFO: < 200 [] []
[2013-01-24 12:34:07] myapp.INFO: > GET /smeppl/ [] []
[2013-01-24 12:34:43] myapp.INFO: > GET /smeppl/ [] []
[2013-01-24 12:34:43] myapp.INFO: < 200 [] []
[2013-01-24 12:34:52] myapp.CRITICAL: Symfony\Component\Security\Core\Exception\AuthenticationCredentialsNotFoundException: A Token was not found in the SecurityContext. (uncaught exception) at /export/repository/smeppl/vendor/symfony/security/Symfony/Component/Security/Http/Firewall/AccessListener.php line 53 [] []
[2013-01-24 12:34:52] myapp.INFO: < 302 [] []
[2013-01-24 12:34:52] myapp.INFO: > GET /smeppl/panel/login [] []
[2013-01-24 12:34:52] myapp.INFO: < 200 [] []
[2013-01-24 12:38:14] myapp.INFO: < 302 [] []
[2013-01-24 12:38:14] myapp.INFO: > GET /smeppl/panel [] []
[2013-01-24 12:38:14] myapp.INFO: < 301 [] []
[2013-01-24 12:38:14] myapp.INFO: > GET /smeppl/panel/ [] []
[2013-01-24 12:38:14] myapp.INFO: < 200 [] []
[2013-01-24 12:38:18] myapp.INFO: < 302 [] []
[2013-01-24 12:38:18] myapp.INFO: > GET /smeppl/ [] []
[2013-01-24 12:38:18] myapp.INFO: < 200 [] []
[2013-01-24 13:02:01] myapp.CRITICAL: Symfony\Component\Security\Core\Exception\AuthenticationCredentialsNotFoundException: A Token was not found in the SecurityContext. (uncaught exception) at /export/repository/smeppl/vendor/symfony/security/Symfony/Component/Security/Http/Firewall/AccessListener.php line 53 [] []
[2013-01-24 13:02:01] myapp.INFO: < 302 [] []
[2013-01-24 13:02:01] myapp.INFO: > GET /smeppl/panel/login [] []
[2013-01-24 13:02:01] myapp.INFO: < 200 [] []
[2013-01-24 13:31:12] myapp.CRITICAL: Symfony\Component\Security\Core\Exception\AuthenticationCredentialsNotFoundException: A Token was not found in the SecurityContext. (uncaught exception) at /export/repository/smeppl/vendor/symfony/security/Symfony/Component/Security/Http/Firewall/AccessListener.php line 53 [] []
[2013-01-24 13:31:12] myapp.INFO: < 302 [] []
[2013-01-24 13:31:12] myapp.INFO: > GET /smeppl/panel/login [] []
[2013-01-24 13:31:12] myapp.INFO: < 200 [] []
[2013-01-24 13:31:17] myapp.INFO: < 302 [] []
[2013-01-24 13:31:17] myapp.INFO: > GET /smeppl/panel/login [] []
[2013-01-24 13:31:17] myapp.INFO: < 200 [] []
[2013-01-24 13:31:22] myapp.INFO: < 302 [] []
[2013-01-24 13:31:22] myapp.INFO: > GET /smeppl/panel/login [] []
[2013-01-24 13:31:22] myapp.INFO: < 200 [] []
[2013-01-24 13:31:30] myapp.INFO: < 302 [] []
[2013-01-24 13:31:30] myapp.INFO: > GET /smeppl/panel [] []
[2013-01-24 13:31:30] myapp.INFO: < 301 [] []
[2013-01-24 13:31:30] myapp.INFO: > GET /smeppl/panel/ [] []
[2013-01-24 13:31:30] myapp.INFO: < 200 [] []
[2013-01-24 13:39:41] myapp.INFO: > GET /smeppl/panel/ [] []
[2013-01-24 13:39:41] myapp.INFO: < 200 [] []
[2013-01-24 13:49:29] myapp.INFO: > GET /smeppl/panel/ [] []
[2013-01-24 13:49:29] myapp.INFO: < 200 [] []
[2013-01-24 13:50:43] myapp.INFO: > GET /smeppl/panel/ [] []
[2013-01-24 13:50:43] myapp.INFO: < 200 [] []
[2013-01-24 13:50:44] myapp.INFO: > GET /smeppl/panel/ [] []
[2013-01-24 13:50:44] myapp.INFO: < 200 [] []
[2013-01-24 13:50:57] myapp.INFO: > GET /smeppl/panel/ [] []
[2013-01-24 13:50:57] myapp.INFO: < 200 [] []
[2013-01-24 13:50:58] myapp.INFO: > GET /smeppl/panel/ [] []
[2013-01-24 13:50:58] myapp.INFO: < 200 [] []
[2013-01-24 13:50:58] myapp.INFO: > GET /smeppl/panel/ [] []
[2013-01-24 13:50:58] myapp.INFO: < 200 [] []
[2013-01-24 13:50:58] myapp.INFO: > GET /smeppl/panel/ [] []
[2013-01-24 13:50:58] myapp.INFO: < 200 [] []
[2013-01-24 13:50:58] myapp.INFO: > GET /smeppl/panel/ [] []
[2013-01-24 13:50:58] myapp.INFO: < 200 [] []
[2013-01-24 13:51:38] myapp.INFO: > GET /smeppl/panel/ [] []
[2013-01-24 13:51:38] myapp.INFO: < 200 [] []
[2013-01-24 13:51:39] myapp.INFO: > GET /smeppl/panel/ [] []
[2013-01-24 13:51:39] myapp.INFO: < 200 [] []
[2013-01-24 13:51:40] myapp.INFO: > GET /smeppl/panel/ [] []
[2013-01-24 13:51:40] myapp.INFO: < 200 [] []
[2013-01-24 13:51:40] myapp.INFO: > GET /smeppl/panel/ [] []
[2013-01-24 13:51:40] myapp.INFO: < 200 [] []
[2013-01-24 13:51:53] myapp.INFO: > GET /smeppl/panel/ [] []
[2013-01-24 13:51:53] myapp.INFO: < 200 [] []
[2013-01-24 13:51:54] myapp.INFO: > GET /smeppl/panel/ [] []
[2013-01-24 13:51:54] myapp.INFO: < 200 [] []
[2013-01-24 13:52:07] myapp.INFO: > GET /smeppl/panel/ [] []
[2013-01-24 13:52:07] myapp.INFO: < 200 [] []
[2013-01-24 13:52:08] myapp.INFO: > GET /smeppl/panel/ [] []
[2013-01-24 13:52:08] myapp.INFO: < 200 [] []
[2013-01-24 13:52:09] myapp.INFO: > GET /smeppl/panel/ [] []
[2013-01-24 13:52:09] myapp.INFO: < 200 [] []
[2013-01-24 13:52:09] myapp.INFO: > GET /smeppl/panel/ [] []
[2013-01-24 13:52:09] myapp.INFO: < 200 [] []
[2013-01-24 13:52:50] myapp.INFO: > GET /smeppl/panel/ [] []
[2013-01-24 13:52:50] myapp.INFO: < 200 [] []
[2013-01-24 13:53:20] myapp.INFO: > GET /smeppl/panel/ [] []
[2013-01-24 13:53:20] myapp.INFO: < 200 [] []
[2013-01-24 13:53:34] myapp.INFO: > GET /smeppl/panel/ [] []
[2013-01-24 13:53:34] myapp.INFO: < 200 [] []
[2013-01-24 13:53:41] myapp.INFO: > GET /smeppl/panel/ [] []
[2013-01-24 13:53:41] myapp.INFO: < 200 [] []
[2013-01-24 13:53:41] myapp.INFO: > GET /smeppl/panel/ [] []
[2013-01-24 13:53:41] myapp.INFO: < 200 [] []
[2013-01-24 13:53:41] myapp.INFO: > GET /smeppl/panel/ [] []
[2013-01-24 13:53:41] myapp.INFO: < 200 [] []
[2013-01-24 13:54:11] myapp.INFO: > GET /smeppl/panel/ [] []
[2013-01-24 13:54:11] myapp.INFO: < 200 [] []
[2013-01-24 13:54:23] myapp.INFO: > GET /smeppl/panel/ [] []
[2013-01-24 13:54:23] myapp.INFO: < 200 [] []
[2013-01-24 13:55:21] myapp.INFO: > GET /smeppl/panel/ [] []
[2013-01-24 13:55:21] myapp.INFO: < 200 [] []
[2013-01-24 13:55:22] myapp.INFO: > GET /smeppl/panel/ [] []
[2013-01-24 13:55:22] myapp.INFO: < 200 [] []
[2013-01-24 13:55:50] myapp.INFO: > GET /smeppl/panel/ [] []
[2013-01-24 13:55:50] myapp.INFO: < 200 [] []
[2013-01-24 13:56:25] myapp.INFO: > GET /smeppl/panel/ [] []
[2013-01-24 13:56:25] myapp.INFO: < 200 [] []
[2013-01-24 13:56:55] myapp.INFO: > GET /smeppl/panel/ [] []
[2013-01-24 13:56:55] myapp.INFO: < 200 [] []
[2013-01-24 13:57:18] myapp.INFO: > GET /smeppl/panel/ [] []
[2013-01-24 13:57:18] myapp.INFO: < 200 [] []
[2013-01-24 13:57:30] myapp.INFO: > GET /smeppl/panel/ [] []
[2013-01-24 13:57:30] myapp.INFO: < 200 [] []
[2013-01-24 13:57:39] myapp.INFO: > GET /smeppl/panel/ [] []
[2013-01-24 13:57:39] myapp.INFO: < 200 [] []
[2013-01-24 13:57:51] myapp.INFO: > GET /smeppl/panel/ [] []
[2013-01-24 13:57:51] myapp.INFO: < 200 [] []
[2013-01-24 13:57:51] myapp.INFO: > GET /smeppl/panel/ [] []
[2013-01-24 13:57:51] myapp.INFO: < 200 [] []
[2013-01-24 13:58:21] myapp.INFO: > GET /smeppl/panel/ [] []
[2013-01-24 13:58:21] myapp.INFO: < 200 [] []
[2013-01-24 13:59:23] myapp.INFO: > GET /smeppl/panel/ [] []
[2013-01-24 13:59:23] myapp.INFO: < 200 [] []
[2013-01-24 13:59:24] myapp.INFO: > GET /smeppl/panel/ [] []
[2013-01-24 13:59:24] myapp.INFO: < 200 [] []
[2013-01-24 14:01:50] myapp.INFO: > GET /smeppl/panel/ [] []
[2013-01-24 14:01:50] myapp.INFO: < 200 [] []
[2013-01-24 14:02:11] myapp.INFO: > GET /smeppl/panel/ [] []
[2013-01-24 14:02:11] myapp.INFO: < 200 [] []
[2013-01-24 14:05:05] myapp.INFO: > GET /smeppl/panel/ [] []
[2013-01-24 14:05:05] myapp.INFO: < 200 [] []
[2013-01-24 14:06:07] myapp.INFO: > GET /smeppl/panel/ [] []
[2013-01-24 14:06:07] myapp.INFO: < 200 [] []
[2013-01-24 14:06:58] myapp.INFO: > GET /smeppl/panel/ [] []
[2013-01-24 14:06:58] myapp.INFO: < 200 [] []
[2013-01-24 14:07:41] myapp.INFO: > GET /smeppl/panel/ [] []
[2013-01-24 14:07:41] myapp.INFO: < 200 [] []
[2013-01-24 14:09:47] myapp.INFO: > GET /smeppl/panel/ [] []
[2013-01-24 14:09:47] myapp.INFO: < 200 [] []
[2013-01-24 14:10:26] myapp.INFO: > GET /smeppl/panel/ [] []
[2013-01-24 14:10:26] myapp.INFO: < 200 [] []
[2013-01-24 14:11:19] myapp.INFO: > GET /smeppl/panel/ [] []
[2013-01-24 14:11:19] myapp.INFO: < 200 [] []
[2013-01-24 14:13:28] myapp.INFO: > GET /smeppl/panel/ [] []
[2013-01-24 14:13:28] myapp.INFO: < 200 [] []
[2013-01-24 14:14:04] myapp.INFO: > GET /smeppl/panel/ [] []
[2013-01-24 14:14:04] myapp.INFO: < 200 [] []
[2013-01-24 14:15:33] myapp.INFO: > GET /smeppl/panel/ [] []
[2013-01-24 14:15:33] myapp.INFO: < 200 [] []
[2013-01-24 14:17:13] myapp.INFO: > GET /smeppl/panel/ [] []
[2013-01-24 14:17:13] myapp.INFO: < 200 [] []
[2013-01-24 14:17:18] myapp.INFO: > GET /smeppl/ [] []
[2013-01-24 14:17:18] myapp.INFO: < 200 [] []
[2013-01-24 14:18:33] myapp.INFO: > GET /smeppl/panel/ [] []
[2013-01-24 14:18:33] myapp.INFO: < 200 [] []
[2013-01-24 15:11:14] myapp.CRITICAL: Symfony\Component\Security\Core\Exception\AuthenticationCredentialsNotFoundException: A Token was not found in the SecurityContext. (uncaught exception) at /export/repository/smeppl/vendor/symfony/security/Symfony/Component/Security/Http/Firewall/AccessListener.php line 53 [] []
[2013-01-24 15:11:14] myapp.INFO: < 302 [] []
[2013-01-24 15:11:14] myapp.INFO: > GET /smeppl/panel/login [] []
[2013-01-24 15:11:14] myapp.INFO: < 200 [] []
[2013-01-24 15:11:19] myapp.INFO: < 302 [] []
[2013-01-24 15:11:19] myapp.INFO: > GET /smeppl/panel/login [] []
[2013-01-24 15:11:19] myapp.INFO: < 200 [] []
[2013-01-24 15:11:26] myapp.INFO: < 302 [] []
[2013-01-24 15:11:26] myapp.INFO: > GET /smeppl/panel/ [] []
[2013-01-24 15:11:26] myapp.INFO: < 200 [] []
[2013-01-24 15:11:30] myapp.INFO: > GET /smeppl/panel/agenda [] []
[2013-01-24 15:11:30] myapp.CRITICAL: Twig_Error_Loader: Template "panel/agenda.twig" is not defined (). (uncaught exception) at /export/repository/smeppl/vendor/twig/twig/lib/Twig/Loader/Chain.php line 113 [] []
[2013-01-24 15:11:30] myapp.INFO: < 500 [] []
[2013-01-24 15:12:12] myapp.INFO: > GET /smeppl/panel/agenda [] []
[2013-01-24 15:12:12] myapp.INFO: < 200 [] []
[2013-01-24 15:14:51] myapp.INFO: > GET /smeppl/panel/agenda [] []
[2013-01-24 15:14:51] myapp.INFO: < 200 [] []
[2013-01-24 15:16:13] myapp.INFO: > GET /smeppl/panel/agenda [] []
[2013-01-24 15:16:13] myapp.INFO: < 200 [] []
[2013-01-24 15:16:27] myapp.INFO: > GET /smeppl/panel/agenda [] []
[2013-01-24 15:16:27] myapp.INFO: < 200 [] []
[2013-01-24 15:17:01] myapp.INFO: > GET /smeppl/panel/agenda [] []
[2013-01-24 15:17:01] myapp.INFO: < 200 [] []
[2013-01-24 15:26:45] myapp.INFO: > GET /smeppl/panel/agenda [] []
[2013-01-24 15:26:45] myapp.INFO: < 200 [] []
[2013-01-24 15:28:20] myapp.INFO: > GET /smeppl/panel/agenda [] []
[2013-01-24 15:28:20] myapp.INFO: < 200 [] []
[2013-01-24 15:29:11] myapp.INFO: > GET /smeppl/panel/agenda [] []
[2013-01-24 15:29:11] myapp.INFO: < 200 [] []
[2013-01-24 15:29:26] myapp.INFO: > GET /smeppl/panel/agenda [] []
[2013-01-24 15:29:26] myapp.INFO: < 200 [] []
[2013-01-24 15:29:51] myapp.INFO: > GET /smeppl/panel/agenda [] []
[2013-01-24 15:29:51] myapp.INFO: < 200 [] []
[2013-01-24 15:31:04] myapp.INFO: > GET /smeppl/panel/agenda [] []
[2013-01-24 15:31:04] myapp.INFO: < 200 [] []
[2013-01-24 15:31:13] myapp.INFO: > GET /smeppl/panel/agenda [] []
[2013-01-24 15:31:13] myapp.INFO: < 200 [] []
[2013-01-24 15:32:03] myapp.INFO: > GET /smeppl/panel/agenda [] []
[2013-01-24 15:32:03] myapp.INFO: < 200 [] []
[2013-01-24 15:33:39] myapp.INFO: > GET /smeppl/panel/agenda [] []
[2013-01-24 15:33:39] myapp.INFO: < 200 [] []
[2013-01-24 15:34:27] myapp.INFO: > GET /smeppl/panel/agenda [] []
[2013-01-24 15:34:27] myapp.INFO: < 200 [] []
[2013-01-24 15:34:28] myapp.INFO: > GET /smeppl/panel/agenda [] []
[2013-01-24 15:34:28] myapp.INFO: < 200 [] []
[2013-01-24 15:34:36] myapp.INFO: > GET /smeppl/panel/agenda [] []
[2013-01-24 15:34:36] myapp.INFO: < 200 [] []
[2013-01-24 15:34:37] myapp.INFO: > GET /smeppl/panel/agenda [] []
[2013-01-24 15:34:37] myapp.INFO: < 200 [] []
[2013-01-24 15:34:46] myapp.INFO: > GET /smeppl/panel/agenda [] []
[2013-01-24 15:34:46] myapp.INFO: < 200 [] []
[2013-01-24 15:34:47] myapp.INFO: > GET /smeppl/panel/agenda [] []
[2013-01-24 15:34:47] myapp.INFO: < 200 [] []
[2013-01-24 15:34:47] myapp.INFO: > GET /smeppl/panel/agenda [] []
[2013-01-24 15:34:47] myapp.INFO: < 200 [] []
[2013-01-24 15:35:02] myapp.INFO: > GET /smeppl/panel/agenda [] []
[2013-01-24 15:35:02] myapp.INFO: < 200 [] []
[2013-01-24 15:35:03] myapp.INFO: > GET /smeppl/panel/agenda [] []
[2013-01-24 15:35:03] myapp.INFO: < 200 [] []
[2013-01-24 15:35:04] myapp.INFO: > GET /smeppl/panel/agenda [] []
[2013-01-24 15:35:04] myapp.INFO: < 200 [] []
[2013-01-24 15:35:04] myapp.INFO: > GET /smeppl/panel/agenda [] []
[2013-01-24 15:35:04] myapp.INFO: < 200 [] []
[2013-01-24 15:35:04] myapp.INFO: > GET /smeppl/panel/agenda [] []
[2013-01-24 15:35:04] myapp.INFO: < 200 [] []
[2013-01-24 15:35:13] myapp.INFO: > GET /smeppl/panel/agenda [] []
[2013-01-24 15:35:13] myapp.INFO: < 200 [] []
[2013-01-24 15:35:13] myapp.INFO: > GET /smeppl/panel/agenda [] []
[2013-01-24 15:35:13] myapp.INFO: < 200 [] []
[2013-01-24 15:35:13] myapp.INFO: > GET /smeppl/panel/agenda [] []
[2013-01-24 15:35:13] myapp.INFO: < 200 [] []
[2013-01-24 15:35:25] myapp.INFO: > GET /smeppl/panel/agenda [] []
[2013-01-24 15:35:25] myapp.INFO: < 200 [] []
[2013-01-24 15:35:25] myapp.INFO: > GET /smeppl/panel/agenda [] []
[2013-01-24 15:35:25] myapp.INFO: < 200 [] []
[2013-01-24 15:35:25] myapp.INFO: > GET /smeppl/panel/agenda [] []
[2013-01-24 15:35:25] myapp.INFO: < 200 [] []
[2013-01-24 15:36:14] myapp.INFO: > GET /smeppl/panel/agenda [] []
[2013-01-24 15:36:14] myapp.INFO: < 200 [] []
[2013-01-24 15:36:34] myapp.INFO: > GET /smeppl/panel/agenda [] []
[2013-01-24 15:36:34] myapp.INFO: < 200 [] []
[2013-01-24 15:41:49] myapp.INFO: > GET /smeppl/panel/agenda [] []
[2013-01-24 15:41:49] myapp.INFO: < 200 [] []
[2013-01-24 15:42:04] myapp.INFO: > GET /smeppl/panel/agenda [] []
[2013-01-24 15:42:04] myapp.INFO: < 200 [] []
[2013-01-24 15:42:24] myapp.INFO: > GET /smeppl/panel/agenda [] []
[2013-01-24 15:42:24] myapp.INFO: < 200 [] []
[2013-01-24 16:13:44] myapp.CRITICAL: Symfony\Component\Security\Core\Exception\AuthenticationCredentialsNotFoundException: A Token was not found in the SecurityContext. (uncaught exception) at /export/repository/smeppl/vendor/symfony/security/Symfony/Component/Security/Http/Firewall/AccessListener.php line 53 [] []
[2013-01-24 16:13:44] myapp.INFO: < 302 [] []
[2013-01-24 16:13:44] myapp.INFO: > GET /smeppl/panel/login [] []
[2013-01-24 16:13:44] myapp.INFO: < 200 [] []
[2013-01-24 16:13:49] myapp.INFO: < 302 [] []
[2013-01-24 16:13:49] myapp.INFO: > GET /smeppl/panel/agenda [] []
[2013-01-24 16:13:49] myapp.INFO: < 200 [] []
[2013-01-24 16:58:36] myapp.CRITICAL: Symfony\Component\Security\Core\Exception\AuthenticationCredentialsNotFoundException: A Token was not found in the SecurityContext. (uncaught exception) at /export/repository/smeppl/vendor/symfony/security/Symfony/Component/Security/Http/Firewall/AccessListener.php line 53 [] []
[2013-01-24 16:58:36] myapp.INFO: < 302 [] []
[2013-01-24 16:58:36] myapp.INFO: > GET /smeppl/panel/login [] []
[2013-01-24 16:58:36] myapp.INFO: < 200 [] []
[2013-01-24 16:58:44] myapp.INFO: < 302 [] []
[2013-01-24 16:58:44] myapp.INFO: > GET /smeppl/panel/agenda [] []
[2013-01-24 17:02:45] myapp.INFO: > GET /smeppl/panel/agenda [] []
[2013-01-24 17:02:45] myapp.INFO: < 200 [] []
[2013-01-24 17:03:03] myapp.INFO: > GET /smeppl/panel/agenda [] []
[2013-01-24 17:03:03] myapp.INFO: < 200 [] []
[2013-01-24 17:03:36] myapp.INFO: > GET /smeppl/panel/agenda [] []
[2013-01-24 17:03:36] myapp.INFO: < 200 [] []
[2013-01-24 17:04:18] myapp.INFO: > GET /smeppl/panel/agenda [] []
[2013-01-24 17:04:18] myapp.INFO: < 200 [] []
[2013-01-24 17:06:51] myapp.INFO: > GET /smeppl/panel/agenda [] []
[2013-01-24 17:06:51] myapp.CRITICAL: Twig_Error_Syntax: Unexpected token "end of print statement" of value "" ("name" expected) in "panel/agenda.twig" at line 24 (uncaught exception) at /export/repository/smeppl/vendor/twig/twig/lib/Twig/TokenStream.php line 77 [] []
[2013-01-24 17:06:51] myapp.INFO: < 500 [] []
[2013-01-24 17:07:02] myapp.INFO: > GET /smeppl/panel/agenda [] []
[2013-01-24 17:07:02] myapp.CRITICAL: Twig_Error_Syntax: Unexpected token "string" of value "" ("name" expected) in "panel/agenda.twig" at line 24 (uncaught exception) at /export/repository/smeppl/vendor/twig/twig/lib/Twig/TokenStream.php line 77 [] []
[2013-01-24 17:07:02] myapp.INFO: < 500 [] []
[2013-01-24 17:07:03] myapp.INFO: > GET /smeppl/panel/agenda [] []
[2013-01-24 17:07:03] myapp.CRITICAL: Twig_Error_Syntax: Unexpected token "string" of value "" ("name" expected) in "panel/agenda.twig" at line 24 (uncaught exception) at /export/repository/smeppl/vendor/twig/twig/lib/Twig/TokenStream.php line 77 [] []
[2013-01-24 17:07:03] myapp.INFO: < 500 [] []
[2013-01-24 17:07:33] myapp.INFO: > GET /smeppl/panel/agenda [] []
[2013-01-24 17:07:33] myapp.INFO: < 200 [] []
[2013-01-24 17:07:50] myapp.INFO: > GET /smeppl/panel/agenda [] []
[2013-01-24 17:07:50] myapp.INFO: < 200 [] []
[2013-01-24 17:10:49] myapp.INFO: > GET /smeppl/panel/agenda [] []
[2013-01-24 17:10:49] myapp.INFO: < 200 [] []
[2013-01-24 17:12:22] myapp.INFO: > GET /smeppl/panel/agenda [] []
[2013-01-24 17:12:22] myapp.INFO: < 200 [] []
[2013-01-24 17:12:35] myapp.INFO: > GET /smeppl/panel/agenda [] []
[2013-01-24 17:12:35] myapp.INFO: < 200 [] []
[2013-01-24 17:13:32] myapp.INFO: > GET /smeppl/panel/agenda [] []
[2013-01-24 17:13:32] myapp.INFO: < 200 [] []
[2013-01-24 17:14:07] myapp.INFO: > GET /smeppl/panel/agenda [] []
[2013-01-24 17:14:07] myapp.INFO: < 200 [] []
[2013-01-24 17:40:51] myapp.ERROR: Symfony\Component\HttpKernel\Exception\NotFoundHttpException: No route found for "GET /panel/agenda" (uncaught exception) at /export/repository/smeppl/vendor/symfony/http-kernel/Symfony/Component/HttpKernel/EventListener/RouterListener.php line 92 [] []
[2013-01-24 17:40:51] myapp.INFO: < 404 [] []
[2013-01-24 17:42:53] myapp.CRITICAL: Symfony\Component\Security\Core\Exception\AuthenticationCredentialsNotFoundException: A Token was not found in the SecurityContext. (uncaught exception) at /export/repository/smeppl/vendor/symfony/security/Symfony/Component/Security/Http/Firewall/AccessListener.php line 53 [] []
[2013-01-24 17:42:53] myapp.INFO: < 302 [] []
[2013-01-24 17:42:53] myapp.INFO: > GET /smeppl/panel/login [] []
[2013-01-24 17:42:54] myapp.INFO: < 200 [] []
[2013-01-24 17:43:01] myapp.INFO: < 302 [] []
[2013-01-24 17:43:01] myapp.INFO: > GET /smeppl/panel/agenda [] []
[2013-01-24 17:43:01] myapp.CRITICAL: Twig_Error_Runtime: Variable "current_month" does not exist in "panel/agenda.twig" at line 7 (uncaught exception) at /export/repository/smeppl/vendor/twig/twig/lib/Twig/Template.php line 318 [] []
[2013-01-24 17:43:01] myapp.INFO: < 500 [] []
[2013-01-24 17:43:35] myapp.INFO: > GET /smeppl/panel/agenda [] []
[2013-01-24 17:43:35] myapp.INFO: < 200 [] []
[2013-01-24 17:44:59] myapp.ERROR: Symfony\Component\HttpKernel\Exception\NotFoundHttpException: No route found for "GET /panel/agenda" (uncaught exception) at /export/repository/smeppl/vendor/symfony/http-kernel/Symfony/Component/HttpKernel/EventListener/RouterListener.php line 92 [] []
[2013-01-24 17:44:59] myapp.INFO: < 404 [] []
[2013-01-24 17:47:54] myapp.INFO: > GET /smeppl/panel/agenda [] []
[2013-01-24 17:47:54] myapp.INFO: < 200 [] []
[2013-01-24 17:48:43] myapp.INFO: > GET /smeppl/panel/agenda [] []
[2013-01-24 17:48:43] myapp.INFO: < 200 [] []
[2013-01-24 17:48:52] myapp.INFO: > GET /smeppl/panel/agenda/2013/05 [] []
[2013-01-24 17:48:52] myapp.INFO: < 200 [] []
[2013-01-24 17:48:56] myapp.INFO: > GET /smeppl/panel/agenda/2013/5 [] []
[2013-01-24 17:48:56] myapp.INFO: < 200 [] []
[2013-01-24 17:48:57] myapp.INFO: > GET /smeppl/panel/agenda/2013/5 [] []
[2013-01-24 17:48:57] myapp.INFO: < 200 [] []
[2013-01-24 17:49:24] myapp.INFO: > GET /smeppl/panel/agenda/2013/5 [] []
[2013-01-24 17:49:24] myapp.INFO: < 200 [] []
[2013-01-24 17:49:27] myapp.INFO: > GET /smeppl/panel/agenda/2013/05 [] []
[2013-01-24 17:49:27] myapp.INFO: < 200 [] []
[2013-01-24 17:50:26] myapp.INFO: > GET /smeppl/panel/agenda/2013/05 [] []
[2013-01-24 17:50:26] myapp.INFO: < 200 [] []
[2013-01-24 17:50:57] myapp.INFO: > GET /smeppl/panel/agenda/2014/01 [] []
[2013-01-24 17:50:57] myapp.INFO: < 200 [] []
[2013-01-24 17:53:00] myapp.ERROR: Symfony\Component\HttpKernel\Exception\NotFoundHttpException: No route found for "GET /panel/agenda/" (uncaught exception) at /export/repository/smeppl/vendor/symfony/http-kernel/Symfony/Component/HttpKernel/EventListener/RouterListener.php line 92 [] []
[2013-01-24 17:53:00] myapp.INFO: < 404 [] []
[2013-01-24 17:53:04] myapp.INFO: > GET /smeppl/panel/agenda [] []
[2013-01-24 17:53:04] myapp.INFO: < 200 [] []
[2013-01-24 17:53:11] myapp.INFO: > GET /smeppl/panel/agenda/2013/05 [] []
[2013-01-24 17:53:11] myapp.INFO: < 200 [] []
[2013-01-24 17:53:57] myapp.INFO: > GET /smeppl/panel/agenda/2013/05 [] []
[2013-01-24 17:53:57] myapp.INFO: < 200 [] []
[2013-01-24 17:54:01] myapp.INFO: > GET /smeppl/panel/agenda [] []
[2013-01-24 17:54:01] myapp.INFO: < 200 [] []
[2013-01-24 17:55:03] myapp.INFO: > GET /smeppl/panel/agenda [] []
[2013-01-24 17:55:03] myapp.INFO: < 200 [] []
[2013-01-24 20:44:02] myapp.INFO: > GET /smeppl/panel/agenda [] []
[2013-01-24 20:44:03] myapp.INFO: < 200 [] []
[2013-01-24 21:10:46] myapp.CRITICAL: Symfony\Component\Security\Core\Exception\AuthenticationCredentialsNotFoundException: A Token was not found in the SecurityContext. (uncaught exception) at /export/repository/smeppl/vendor/symfony/security/Symfony/Component/Security/Http/Firewall/AccessListener.php line 53 [] []
[2013-01-24 21:10:46] myapp.INFO: < 302 [] []
[2013-01-24 21:10:46] myapp.INFO: > GET /smeppl/panel/login [] []
[2013-01-24 21:10:46] myapp.INFO: < 200 [] []
[2013-01-24 21:10:54] myapp.INFO: > GET /smeppl/ [] []
[2013-01-24 21:10:55] myapp.INFO: < 200 [] []
[2013-01-24 21:11:11] myapp.CRITICAL: Symfony\Component\Security\Core\Exception\AuthenticationCredentialsNotFoundException: A Token was not found in the SecurityContext. (uncaught exception) at /export/repository/smeppl/vendor/symfony/security/Symfony/Component/Security/Http/Firewall/AccessListener.php line 53 [] []
[2013-01-24 21:11:11] myapp.INFO: < 302 [] []
[2013-01-24 21:11:11] myapp.INFO: > GET /smeppl/panel/login [] []
[2013-01-24 21:11:11] myapp.INFO: < 200 [] []
[2013-01-24 21:11:20] myapp.INFO: < 302 [] []
[2013-01-24 21:11:20] myapp.INFO: > GET /smeppl/panel [] []
[2013-01-24 21:11:20] myapp.INFO: < 301 [] []
[2013-01-24 21:11:20] myapp.INFO: > GET /smeppl/panel/ [] []
[2013-01-24 21:11:20] myapp.INFO: < 200 [] []
[2013-01-24 21:11:25] myapp.INFO: > GET /smeppl/panel/agenda [] []
[2013-01-24 21:11:25] myapp.INFO: < 200 [] []
[2013-01-24 21:11:42] myapp.INFO: > GET /smeppl/panel/agenda/2013/05 [] []
[2013-01-24 21:11:42] myapp.INFO: < 200 [] []
[2013-01-24 21:11:46] myapp.INFO: > GET /smeppl/panel/agenda/2013/07 [] []
[2013-01-24 21:11:46] myapp.INFO: < 200 [] []
[2013-01-28 15:53:24] myapp.INFO: > GET /smeppl/ [] []
[2013-01-28 15:53:24] myapp.INFO: < 200 [] []
[2013-01-28 15:55:46] myapp.ERROR: Symfony\Component\HttpKernel\Exception\NotFoundHttpException: No route found for "GET /admin" (uncaught exception) at /export/repository/smeppl/vendor/symfony/http-kernel/Symfony/Component/HttpKernel/EventListener/RouterListener.php line 92 [] []
[2013-01-28 15:55:46] myapp.INFO: < 404 [] []
[2013-01-28 15:55:50] myapp.CRITICAL: Symfony\Component\Security\Core\Exception\AuthenticationCredentialsNotFoundException: A Token was not found in the SecurityContext. (uncaught exception) at /export/repository/smeppl/vendor/symfony/security/Symfony/Component/Security/Http/Firewall/AccessListener.php line 53 [] []
[2013-01-28 15:55:50] myapp.INFO: < 302 [] []
[2013-01-28 15:55:50] myapp.INFO: > GET /smeppl/panel/login [] []
[2013-01-28 15:55:50] myapp.INFO: < 200 [] []
[2013-01-28 15:55:56] myapp.INFO: < 302 [] []
[2013-01-28 15:55:56] myapp.INFO: > GET /smeppl/panel [] []
[2013-01-28 15:55:56] myapp.INFO: < 301 [] []
[2013-01-28 15:55:56] myapp.INFO: > GET /smeppl/panel/ [] []
[2013-01-28 15:55:56] myapp.INFO: < 200 [] []
[2013-01-28 15:55:57] myapp.INFO: > GET /smeppl/panel/agenda [] []
[2013-01-28 15:55:57] myapp.INFO: < 200 [] []
[2013-01-28 16:03:24] myapp.INFO: > GET /smeppl/panel/agenda [] []
[2013-01-28 16:03:24] myapp.INFO: < 200 [] []
[2013-01-28 16:10:39] myapp.INFO: > GET /smeppl/panel/agenda [] []
[2013-01-28 16:10:39] myapp.CRITICAL: Twig_Error_Runtime: Item "events" for "Array" does not exist in "panel/agenda.twig" at line 24 (uncaught exception) at /export/repository/smeppl/vendor/twig/twig/lib/Twig/Template.php line 382 [] []
[2013-01-28 16:10:39] myapp.INFO: < 500 [] []
[2013-01-28 16:11:30] myapp.INFO: > GET /smeppl/panel/agenda [] []
[2013-01-28 16:11:30] myapp.CRITICAL: Twig_Error_Runtime: Item "events" for "Array" does not exist in "panel/agenda.twig" at line 24 (uncaught exception) at /export/repository/smeppl/vendor/twig/twig/lib/Twig/Template.php line 382 [] []
[2013-01-28 16:11:30] myapp.INFO: < 500 [] []
[2013-01-28 16:11:31] myapp.INFO: > GET /smeppl/panel/agenda [] []
[2013-01-28 16:11:31] myapp.CRITICAL: Twig_Error_Runtime: Item "events" for "Array" does not exist in "panel/agenda.twig" at line 24 (uncaught exception) at /export/repository/smeppl/vendor/twig/twig/lib/Twig/Template.php line 382 [] []
[2013-01-28 16:11:31] myapp.INFO: < 500 [] []
[2013-01-28 16:11:31] myapp.INFO: > GET /smeppl/panel/agenda [] []
[2013-01-28 16:11:31] myapp.CRITICAL: Twig_Error_Runtime: Item "events" for "Array" does not exist in "panel/agenda.twig" at line 24 (uncaught exception) at /export/repository/smeppl/vendor/twig/twig/lib/Twig/Template.php line 382 [] []
[2013-01-28 16:11:31] myapp.INFO: < 500 [] []
[2013-01-28 16:11:45] myapp.INFO: > GET /smeppl/panel/agenda [] []
[2013-01-28 16:11:45] myapp.INFO: < 200 [] []
[2013-01-28 16:12:53] myapp.INFO: > GET /smeppl/panel/agenda [] []
[2013-01-28 16:12:53] myapp.INFO: < 200 [] []
[2013-01-28 16:13:25] myapp.INFO: > GET /smeppl/panel/agenda [] []
[2013-01-28 16:13:25] myapp.INFO: < 200 [] []
[2013-01-28 16:13:56] myapp.INFO: > GET /smeppl/panel/agenda [] []
[2013-01-28 16:13:56] myapp.INFO: < 200 [] []
[2013-01-28 16:16:58] myapp.INFO: > GET /smeppl/panel/agenda [] []
[2013-01-28 16:16:58] myapp.INFO: < 200 [] []
[2013-01-28 16:17:46] myapp.INFO: > GET /smeppl/panel/agenda [] []
[2013-01-28 16:17:46] myapp.INFO: < 200 [] []
[2013-01-28 16:18:04] myapp.INFO: > GET /smeppl/panel/agenda [] []
[2013-01-28 16:18:04] myapp.INFO: < 200 [] []
[2013-01-28 16:19:05] myapp.INFO: > GET /smeppl/panel/agenda [] []
[2013-01-28 16:19:05] myapp.INFO: < 200 [] []
[2013-01-28 16:19:27] myapp.INFO: > GET /smeppl/panel/agenda [] []
[2013-01-28 16:19:27] myapp.INFO: < 200 [] []
[2013-01-28 16:19:56] myapp.INFO: > GET /smeppl/panel/agenda [] []
[2013-01-28 16:19:56] myapp.INFO: < 200 [] []
[2013-01-28 16:19:57] myapp.INFO: > GET /smeppl/panel/agenda [] []
[2013-01-28 16:19:57] myapp.INFO: < 200 [] []
[2013-01-28 16:21:44] myapp.INFO: > GET /smeppl/panel/agenda [] []
[2013-01-28 16:21:44] myapp.INFO: < 200 [] []
[2013-01-28 16:21:47] myapp.INFO: > GET /smeppl/panel/agenda [] []
[2013-01-28 16:21:47] myapp.INFO: < 200 [] []
[2013-01-28 16:21:47] myapp.INFO: > GET /smeppl/panel/agenda [] []
[2013-01-28 16:21:47] myapp.INFO: < 200 [] []
[2013-01-28 16:22:11] myapp.INFO: > GET /smeppl/panel/agenda [] []
[2013-01-28 16:22:11] myapp.INFO: < 200 [] []
[2013-01-28 16:22:11] myapp.INFO: > GET /smeppl/panel/agenda [] []
[2013-01-28 16:22:11] myapp.INFO: < 200 [] []
[2013-01-28 16:37:08] myapp.INFO: > GET /smeppl/panel/agenda [] []
[2013-01-28 16:37:08] myapp.INFO: < 200 [] []
[2013-01-28 16:37:13] myapp.INFO: > GET /smeppl/panel/agenda [] []
[2013-01-28 16:37:13] myapp.INFO: < 200 [] []
[2013-01-28 16:37:16] myapp.INFO: > GET /smeppl/panel/agenda/2013/02 [] []
[2013-01-28 16:37:16] myapp.INFO: < 200 [] []
[2013-01-28 16:39:03] myapp.INFO: > GET /smeppl/panel/agenda/2013/02 [] []
[2013-01-28 16:39:44] myapp.INFO: > GET /smeppl/panel/agenda/2013/02 [] []
[2013-01-28 16:39:44] myapp.INFO: < 200 [] []
[2013-01-28 16:39:46] myapp.INFO: > GET /smeppl/panel/agenda/2013/01 [] []
[2013-01-28 16:39:46] myapp.INFO: < 200 [] []
[2013-01-28 16:39:47] myapp.INFO: > GET /smeppl/panel/agenda/2012/12 [] []
[2013-01-28 16:39:47] myapp.INFO: < 200 [] []
[2013-01-28 16:39:48] myapp.INFO: > GET /smeppl/panel/agenda/2013/01 [] []
[2013-01-28 16:39:48] myapp.INFO: < 200 [] []
[2013-01-28 16:39:49] myapp.INFO: > GET /smeppl/panel/agenda/2013/02 [] []
[2013-01-28 16:39:49] myapp.INFO: < 200 [] []
[2013-01-28 16:39:49] myapp.INFO: > GET /smeppl/panel/agenda/2013/03 [] []
[2013-01-28 16:39:49] myapp.INFO: < 200 [] []
[2013-01-28 16:39:50] myapp.INFO: > GET /smeppl/panel/agenda/2013/04 [] []
[2013-01-28 16:39:50] myapp.INFO: < 200 [] []
[2013-01-28 16:39:50] myapp.INFO: > GET /smeppl/panel/agenda/2013/03 [] []
[2013-01-28 16:39:50] myapp.INFO: < 200 [] []
[2013-01-28 16:39:51] myapp.INFO: > GET /smeppl/panel/agenda/2013/02 [] []
[2013-01-28 16:39:51] myapp.INFO: < 200 [] []
[2013-01-28 16:39:51] myapp.INFO: > GET /smeppl/panel/agenda/2013/01 [] []
[2013-01-28 16:39:51] myapp.INFO: < 200 [] []
[2013-01-28 16:42:15] myapp.INFO: > GET /smeppl/panel/agenda/2013/01 [] []
[2013-01-28 16:42:15] myapp.INFO: < 200 [] []
[2013-01-28 16:42:29] myapp.INFO: > GET /smeppl/panel/agenda/2013/01 [] []
[2013-01-28 16:42:29] myapp.INFO: < 200 [] []
[2013-01-28 16:43:14] myapp.INFO: > GET /smeppl/panel/agenda/2013/01 [] []
[2013-01-28 16:43:14] myapp.INFO: < 200 [] []
[2013-01-28 16:44:01] myapp.INFO: > GET /smeppl/panel/agenda/2013/01 [] []
[2013-01-28 16:44:01] myapp.INFO: < 200 [] []
[2013-01-28 16:44:24] myapp.INFO: > GET /smeppl/panel/agenda/2013/01 [] []
[2013-01-28 16:44:24] myapp.INFO: < 200 [] []
[2013-01-28 16:56:02] myapp.INFO: > GET /smeppl/panel/agenda/2013/01 [] []
[2013-01-28 16:56:02] myapp.INFO: < 200 [] []
[2013-01-28 16:56:05] myapp.INFO: > GET /smeppl/panel/agenda/2013/01 [] []
[2013-01-28 16:56:05] myapp.INFO: < 200 [] []
[2013-01-28 17:04:32] myapp.INFO: > GET /smeppl/panel/agenda/2013/01 [] []
[2013-01-28 17:04:32] myapp.INFO: < 200 [] []
[2013-01-28 17:04:33] myapp.INFO: > GET /smeppl/panel/agenda/2013/01 [] []
[2013-01-28 17:04:33] myapp.INFO: < 200 [] []
[2013-01-28 17:05:53] myapp.INFO: > GET /smeppl/panel/agenda/2013/01 [] []
[2013-01-28 17:05:53] myapp.INFO: < 200 [] []
[2013-01-28 17:05:56] myapp.INFO: > GET /smeppl/panel/agenda/2013/01/2 [] []
[2013-01-28 17:05:56] myapp.CRITICAL: Twig_Error_Runtime: Variable "previous_month" does not exist in "panel/agenda_day.twig" at line 8 (uncaught exception) at /export/repository/smeppl/vendor/twig/twig/lib/Twig/Template.php line 318 [] []
[2013-01-28 17:05:56] myapp.INFO: < 500 [] []
[2013-01-28 17:07:19] myapp.INFO: > GET /smeppl/panel/agenda/2013/01/2 [] []
[2013-01-28 17:07:19] myapp.INFO: < 200 [] []
[2013-01-28 17:08:05] myapp.INFO: > GET /smeppl/panel/agenda/2013/01/2 [] []
[2013-01-28 17:08:05] myapp.INFO: < 200 [] []
[2013-01-28 17:13:10] myapp.INFO: > GET /smeppl/panel/agenda/2013/01/2 [] []
[2013-01-28 17:13:10] myapp.INFO: < 200 [] []
[2013-01-28 17:13:51] myapp.INFO: > GET /smeppl/panel/agenda/2013/01/2 [] []
[2013-01-28 17:13:51] myapp.INFO: < 200 [] []
[2013-01-28 17:13:53] myapp.INFO: > GET /smeppl/panel/agenda/2013/01/2 [] []
[2013-01-28 17:13:53] myapp.INFO: < 200 [] []
[2013-01-28 17:14:13] myapp.INFO: > GET /smeppl/panel/agenda/2013/01/2 [] []
[2013-01-28 17:14:13] myapp.INFO: < 200 [] []
[2013-01-28 17:17:08] myapp.INFO: > GET /smeppl/panel/agenda/2013/01/2 [] []
[2013-01-28 17:17:08] myapp.INFO: < 200 [] []
[2013-01-28 17:17:57] myapp.INFO: > GET /smeppl/panel/agenda/2013/01/2 [] []
[2013-01-28 17:17:57] myapp.INFO: < 200 [] []
[2013-01-28 17:24:44] myapp.INFO: > GET /smeppl/panel/agenda/2013/01/2 [] []
[2013-01-28 17:24:44] myapp.INFO: < 200 [] []
[2013-01-28 17:25:03] myapp.INFO: > GET /smeppl/panel/agenda/2013/01/2 [] []
[2013-01-28 17:25:03] myapp.INFO: < 200 [] []
[2013-01-28 17:27:41] myapp.INFO: > GET /smeppl/panel/agenda/2013/01/2 [] []
[2013-01-28 17:27:42] myapp.INFO: < 200 [] []
[2013-01-28 17:29:12] myapp.INFO: > GET /smeppl/panel/agenda/2013/01/2 [] []
[2013-01-28 17:29:12] myapp.INFO: < 200 [] []
[2013-01-28 17:29:30] myapp.INFO: > GET /smeppl/panel/agenda/2013/01/2 [] []
[2013-01-28 17:29:30] myapp.INFO: < 200 [] []
[2013-01-28 17:29:57] myapp.INFO: > GET /smeppl/panel/agenda/2013/01/2 [] []
[2013-01-28 17:29:57] myapp.INFO: < 200 [] []
[2013-01-28 17:41:05] myapp.INFO: > GET /smeppl/panel/agenda/2013/01/2 [] []
[2013-01-28 17:41:05] myapp.INFO: < 200 [] []
[2013-01-28 17:41:06] myapp.INFO: > GET /smeppl/panel/agenda/2013/01/2 [] []
[2013-01-28 17:41:06] myapp.INFO: < 200 [] []
[2013-01-28 17:41:58] myapp.INFO: > GET /smeppl/panel/agenda/2013/01/2 [] []
[2013-01-28 17:41:58] myapp.INFO: < 200 [] []
[2013-01-28 17:41:59] myapp.INFO: > GET /smeppl/panel/agenda/2013/01/2 [] []
[2013-01-28 17:41:59] myapp.INFO: < 200 [] []
[2013-01-28 17:42:01] myapp.INFO: > GET /smeppl/panel/agenda/2013/01/2 [] []
[2013-01-28 17:42:01] myapp.INFO: < 200 [] []
[2013-01-28 17:42:49] myapp.INFO: > GET /smeppl/panel/agenda/2013/01/2 [] []
[2013-01-28 17:42:49] myapp.INFO: < 200 [] []
[2013-01-28 17:43:36] myapp.INFO: > GET /smeppl/panel/agenda/2013/01/2 [] []
[2013-01-28 17:43:36] myapp.INFO: < 200 [] []
[2013-01-28 18:12:47] myapp.CRITICAL: Symfony\Component\Security\Core\Exception\AuthenticationCredentialsNotFoundException: A Token was not found in the SecurityContext. (uncaught exception) at /export/repository/smeppl/vendor/symfony/security/Symfony/Component/Security/Http/Firewall/AccessListener.php line 53 [] []
[2013-01-28 18:12:47] myapp.INFO: < 302 [] []
[2013-01-28 18:12:47] myapp.INFO: > GET /smeppl/panel/login [] []
[2013-01-28 18:12:47] myapp.INFO: < 200 [] []
[2013-01-28 18:12:53] myapp.INFO: < 302 [] []
[2013-01-28 18:12:53] myapp.INFO: > GET /smeppl/panel/agenda/2013/01/2 [] []
[2013-01-28 18:12:54] myapp.INFO: < 200 [] []
[2013-01-28 18:15:47] myapp.INFO: > GET /smeppl/panel/agenda/2013/01/2 [] []
[2013-01-28 18:15:47] myapp.INFO: < 200 [] []
[2013-01-28 18:16:18] myapp.INFO: > GET /smeppl/panel/agenda/2013/01/2 [] []
[2013-01-28 18:16:18] myapp.INFO: < 200 [] []
[2013-01-28 18:16:45] myapp.INFO: > GET /smeppl/panel/agenda/2013/01/2 [] []
[2013-01-28 18:16:45] myapp.INFO: < 200 [] []
[2013-01-28 18:17:02] myapp.INFO: > GET /smeppl/panel/agenda/2013/01/2 [] []
[2013-01-28 18:17:02] myapp.INFO: < 200 [] []
[2013-01-28 18:18:33] myapp.INFO: > GET /smeppl/panel/agenda/2013/01/2 [] []
[2013-01-28 18:18:33] myapp.INFO: < 200 [] []
[2013-01-28 18:19:24] myapp.INFO: > GET /smeppl/panel/agenda/2013/01/2 [] []
[2013-01-28 18:19:24] myapp.INFO: < 200 [] []
[2013-01-28 18:19:48] myapp.INFO: > GET /smeppl/panel/agenda/2013/01/2 [] []
[2013-01-28 18:19:48] myapp.INFO: < 200 [] []
[2013-01-28 18:19:55] myapp.INFO: > GET /smeppl/panel/agenda/2013/01/2 [] []
[2013-01-28 18:19:55] myapp.INFO: < 200 [] []
[2013-01-28 18:20:08] myapp.INFO: > GET /smeppl/panel/agenda/2013/01/2 [] []
[2013-01-28 18:20:08] myapp.INFO: < 200 [] []
[2013-01-28 18:20:27] myapp.INFO: > GET /smeppl/panel/agenda/2013/01/2 [] []
[2013-01-28 18:20:27] myapp.INFO: < 200 [] []
[2013-01-28 18:20:56] myapp.INFO: > GET /smeppl/panel/agenda/2013/01/2 [] []
[2013-01-28 18:20:56] myapp.INFO: < 200 [] []
[2013-01-28 18:22:50] myapp.INFO: > GET /smeppl/panel/agenda/2013/01/2 [] []
[2013-01-28 18:22:50] myapp.INFO: < 200 [] []
[2013-01-28 18:23:46] myapp.INFO: > GET /smeppl/panel/agenda/2013/01/2 [] []
[2013-01-28 18:23:46] myapp.INFO: < 200 [] []
[2013-01-28 18:24:25] myapp.INFO: > GET /smeppl/panel/agenda/2013/01/2 [] []
[2013-01-28 18:24:25] myapp.INFO: < 200 [] []
[2013-01-28 18:25:11] myapp.INFO: > GET /smeppl/panel/agenda/2013/01/2 [] []
[2013-01-28 18:25:11] myapp.INFO: < 200 [] []
[2013-01-28 18:26:44] myapp.INFO: > GET /smeppl/panel/agenda/2013/01/2 [] []
[2013-01-28 18:26:44] myapp.INFO: < 200 [] []
[2013-01-28 18:30:25] myapp.INFO: > GET /smeppl/panel/agenda/2013/01/2 [] []
[2013-01-28 18:30:25] myapp.INFO: < 200 [] []
[2013-01-28 18:30:25] myapp.ERROR: Symfony\Component\HttpKernel\Exception\NotFoundHttpException: No route found for "GET /img/tmp/img01.png" (uncaught exception) at /export/repository/smeppl/vendor/symfony/http-kernel/Symfony/Component/HttpKernel/EventListener/RouterListener.php line 92 [] []
[2013-01-28 18:30:25] myapp.ERROR: Symfony\Component\HttpKernel\Exception\NotFoundHttpException: No route found for "GET /img/tmp/img02.png" (uncaught exception) at /export/repository/smeppl/vendor/symfony/http-kernel/Symfony/Component/HttpKernel/EventListener/RouterListener.php line 92 [] []
[2013-01-28 18:30:25] myapp.INFO: < 404 [] []
[2013-01-28 18:30:25] myapp.INFO: < 404 [] []
[2013-01-28 18:30:45] myapp.INFO: > GET /smeppl/panel/agenda/2013/01/2 [] []
[2013-01-28 18:30:45] myapp.INFO: < 200 [] []
[2013-01-28 18:31:18] myapp.INFO: > GET /smeppl/panel/agenda/2013/01/2 [] []
[2013-01-28 18:31:18] myapp.INFO: < 200 [] []
[2013-01-28 18:31:53] myapp.INFO: > GET /smeppl/panel/agenda/2013/01/2 [] []
[2013-01-28 18:31:53] myapp.INFO: < 200 [] []
[2013-01-28 18:32:20] myapp.INFO: > GET /smeppl/panel/agenda/2013/01/2 [] []
[2013-01-28 18:32:20] myapp.INFO: < 200 [] []
[2013-01-28 18:32:37] myapp.INFO: > GET /smeppl/panel/agenda/2013/01/2 [] []
[2013-01-28 18:32:37] myapp.INFO: < 200 [] []
[2013-01-28 18:33:01] myapp.INFO: > GET /smeppl/panel/agenda/2013/01/2 [] []
[2013-01-28 18:33:01] myapp.INFO: < 200 [] []
[2013-01-28 18:33:33] myapp.INFO: > GET /smeppl/panel/agenda/2013/01/2 [] []
[2013-01-28 18:33:33] myapp.INFO: < 200 [] []
[2013-01-28 18:34:24] myapp.INFO: > GET /smeppl/panel/agenda/2013/01/2 [] []
[2013-01-28 18:34:24] myapp.INFO: < 200 [] []
[2013-01-29 09:30:16] myapp.CRITICAL: Symfony\Component\Security\Core\Exception\AuthenticationCredentialsNotFoundException: A Token was not found in the SecurityContext. (uncaught exception) at /export/repository/smeppl/vendor/symfony/security/Symfony/Component/Security/Http/Firewall/AccessListener.php line 53 [] []
[2013-01-29 09:30:16] myapp.INFO: < 302 [] []
[2013-01-29 09:30:17] myapp.CRITICAL: Symfony\Component\Security\Core\Exception\AuthenticationCredentialsNotFoundException: A Token was not found in the SecurityContext. (uncaught exception) at /export/repository/smeppl/vendor/symfony/security/Symfony/Component/Security/Http/Firewall/AccessListener.php line 53 [] []
[2013-01-29 09:30:17] myapp.INFO: < 302 [] []
[2013-01-29 09:30:18] myapp.INFO: > GET /smeppl/panel/login [] []
[2013-01-29 09:30:21] myapp.INFO: < 200 [] []
[2013-01-29 09:30:21] myapp.INFO: > GET /smeppl/panel/login [] []
[2013-01-29 09:30:21] myapp.INFO: < 200 [] []
[2013-01-29 20:37:01] myapp.INFO: > GET /smeppl/panel/login [] []
[2013-01-29 20:37:01] myapp.INFO: < 200 [] []
[2013-01-30 05:55:15] myapp.INFO: > GET /smeppl/panel/login [] []
[2013-01-30 05:55:22] myapp.INFO: < 200 [] []
[2013-01-30 12:00:46] myapp.INFO: > GET /smeppl/panel/login [] []
[2013-01-30 12:00:46] myapp.INFO: < 200 [] []
[2013-02-17 18:11:16] myapp.INFO: > GET /smeppl/ [] []
[2013-02-17 18:11:16] myapp.INFO: < 200 [] []
[2013-02-17 18:11:27] myapp.ERROR: Symfony\Component\HttpKernel\Exception\NotFoundHttpException: No route found for "GET /admin" (uncaught exception) at /export/repository/smeppl/vendor/symfony/http-kernel/Symfony/Component/HttpKernel/EventListener/RouterListener.php line 92 [] []
[2013-02-17 18:11:27] myapp.INFO: < 404 [] []
[2013-02-17 18:11:32] myapp.CRITICAL: Symfony\Component\Security\Core\Exception\AuthenticationCredentialsNotFoundException: A Token was not found in the SecurityContext. (uncaught exception) at /export/repository/smeppl/vendor/symfony/security/Symfony/Component/Security/Http/Firewall/AccessListener.php line 53 [] []
[2013-02-17 18:11:32] myapp.INFO: < 302 [] []
[2013-02-17 18:11:32] myapp.INFO: > GET /smeppl/panel/login [] []
[2013-02-17 18:11:33] myapp.INFO: < 200 [] []
[2013-02-17 18:11:40] myapp.INFO: < 302 [] []
[2013-02-17 18:11:40] myapp.INFO: > GET /smeppl/panel/login [] []
[2013-02-17 18:11:40] myapp.INFO: < 200 [] []
[2013-02-17 18:11:47] myapp.INFO: < 302 [] []
[2013-02-17 18:11:47] myapp.INFO: > GET /smeppl/panel [] []
[2013-02-17 18:11:47] myapp.INFO: < 301 [] []
[2013-02-17 18:11:47] myapp.INFO: > GET /smeppl/panel/ [] []
[2013-02-17 18:11:47] myapp.INFO: < 200 [] []
[2013-02-17 18:11:48] myapp.INFO: > GET /smeppl/panel/agenda [] []
[2013-02-17 18:11:48] myapp.INFO: < 200 [] []
[2013-02-17 18:11:49] myapp.INFO: > GET /smeppl/ [] []
[2013-02-17 18:11:49] myapp.INFO: < 200 [] []
[2013-02-17 18:11:53] myapp.INFO: > GET /smeppl/panel/agenda [] []
[2013-02-17 18:11:53] myapp.INFO: < 200 [] []
[2013-02-17 18:11:54] myapp.INFO: > GET /smeppl/ [] []
[2013-02-17 18:11:54] myapp.INFO: < 200 [] []
[2013-02-17 18:11:57] myapp.INFO: > GET /smeppl/panel/agenda/2013/02/11 [] []
[2013-02-17 18:11:57] myapp.INFO: < 200 [] []
